0 info it worked if it ends with ok
1 verbose cli [ '/Users/jtingsanchali/.nvm/v0.10.39/bin/node',
1 verbose cli   '/Users/jtingsanchali/.nvm/v0.10.39/bin/npm',
1 verbose cli   'run',
1 verbose cli   'start' ]
2 info using npm@1.4.28
3 info using node@v0.10.39
4 verbose run-script [ 'prestart', 'start', 'poststart' ]
5 info prestart todo-react-flux@1.0.0
6 info start todo-react-flux@1.0.0
7 verbose unsafe-perm in lifecycle true
8 info todo-react-flux@1.0.0 Failed to exec start script
9 error todo-react-flux@1.0.0 start: `webpack-dev-server --hot --inline --color --progress`
9 error Exit status 8
10 error Failed at the todo-react-flux@1.0.0 start script.
10 error This is most likely a problem with the todo-react-flux package,
10 error not with npm itself.
10 error Tell the author that this fails on your system:
10 error     webpack-dev-server --hot --inline --color --progress
10 error You can get their info via:
10 error     npm owner ls todo-react-flux
10 error There is likely additional logging output above.
11 error System Darwin 15.0.0
12 error command "/Users/jtingsanchali/.nvm/v0.10.39/bin/node" "/Users/jtingsanchali/.nvm/v0.10.39/bin/npm" "run" "start"
13 error cwd /Users/jtingsanchali/Projects/todo-react-flux
14 error node -v v0.10.39
15 error npm -v 1.4.28
16 error code ELIFECYCLE
17 verbose exit [ 1, true ]
